# JRE version: Java(TM) SE Runtime Environment (8.0_291-b10) (build 1.8.0_291-b10)
# Java VM: Java HotSpot(TM) 64-Bit Server VM (25.291-b10 mixed mode linux-amd64 compressed oops)
Heap:
 PSYoungGen      total 734208K, used 386850K [0x000000076dd80000, 0x00000007a0080000, 0x00000007c0000000)
  eden space 679424K, 56% used [0x000000076dd80000,0x00000007857488f8,0x0000000797500000)
  from space 54784K, 0% used [0x000000079ad80000,0x000000079ad80000,0x000000079e300000)
  to   space 57856K, 0% used [0x0000000797500000,0x0000000797500000,0x000000079ad80000)
 ParOldGen       total 389632K, used 119553K [0x00000006c9800000, 0x00000006e1480000, 0x000000076dd80000)
  object space 389632K, 30% used [0x00000006c9800000,0x00000006d0cc0788,0x00000006e1480000)
 Metaspace       used 104423K, capacity 109480K, committed 109696K, reserved 1144832K
  class space    used 13414K, capacity 14208K, committed 14208K, reserved 1048576K
GC Heap History (10 events):
Event: 229,000 GC heap before
{Heap before GC invocations=18 (full 3):
 PSYoungGen      total 536064K, used 536034K [0x000000076dd80000, 0x0000000792900000, 0x00000007c0000000)
  eden space 507392K, 100% used [0x000000076dd80000,0x000000078cd00000,0x000000078cd00000)
  from space 28672K, 99% used [0x000000078f300000,0x0000000790ef8988,0x0000000790f00000)
  to   space 38912K, 0% used [0x000000078cd00000,0x000000078cd00000,0x000000078f300000)
 ParOldGen       total 247808K, used 63662K [0x00000006c9800000, 0x00000006d8a00000, 0x000000076dd80000)
  object space 247808K, 25% used [0x00000006c9800000,0x00000006cd62bbe8,0x00000006d8a00000)
 Metaspace       used 83356K, capacity 86586K, committed 86784K, reserved 1124352K
  class space    used 10382K, capacity 10931K, committed 11008K, reserved 1048576K
Event: 229,028 GC heap after
Heap after GC invocations=18 (full 3):
 PSYoungGen      total 546304K, used 38898K [0x000000076dd80000, 0x0000000798c00000, 0x00000007c0000000)
  eden space 507392K, 0% used [0x000000076dd80000,0x000000076dd80000,0x000000078cd00000)
  from space 38912K, 99% used [0x000000078cd00000,0x000000078f2fc998,0x000000078f300000)
  to   space 49152K, 0% used [0x0000000795c00000,0x0000000795c00000,0x0000000798c00000)
 ParOldGen       total 247808K, used 74476K [0x00000006c9800000, 0x00000006d8a00000, 0x000000076dd80000)
  object space 247808K, 30% used [0x00000006c9800000,0x00000006ce0bb1f0,0x00000006d8a00000)
 Metaspace       used 83356K, capacity 86586K, committed 86784K, reserved 1124352K
  class space    used 10382K, capacity 10931K, committed 11008K, reserved 1048576K
}
Event: 230,425 GC heap before
{Heap before GC invocations=19 (full 3):
 PSYoungGen      total 546304K, used 546290K [0x000000076dd80000, 0x0000000798c00000, 0x00000007c0000000)
  eden space 507392K, 100% used [0x000000076dd80000,0x000000078cd00000,0x000000078cd00000)
  from space 38912K, 99% used [0x000000078cd00000,0x000000078f2fc998,0x000000078f300000)
  to   space 49152K, 0% used [0x0000000795c00000,0x0000000795c00000,0x0000000798c00000)
 ParOldGen       total 247808K, used 74476K [0x00000006c9800000, 0x00000006d8a00000, 0x000000076dd80000)
  object space 247808K, 30% used [0x00000006c9800000,0x00000006ce0bb1f0,0x00000006d8a00000)
 Metaspace       used 87286K, capacity 91012K, committed 91264K, reserved 1128448K
  class space    used 10974K, capacity 11578K, committed 11648K, reserved 1048576K
Event: 230,455 GC heap after
Heap after GC invocations=19 (full 3):
 PSYoungGen      total 652288K, used 32354K [0x000000076dd80000, 0x0000000799800000, 0x00000007c0000000)
  eden space 603136K, 0% used [0x000000076dd80000,0x000000076dd80000,0x0000000792a80000)
  from space 49152K, 65% used [0x0000000795c00000,0x0000000797b988c8,0x0000000798c00000)
  to   space 50688K, 0% used [0x0000000792a80000,0x0000000792a80000,0x0000000795c00000)
 ParOldGen       total 247808K, used 98631K [0x00000006c9800000, 0x00000006d8a00000, 0x000000076dd80000)
  object space 247808K, 39% used [0x00000006c9800000,0x00000006cf851e70,0x00000006d8a00000)
 Metaspace       used 87286K, capacity 91012K, committed 91264K, reserved 1128448K
  class space    used 10974K, capacity 11578K, committed 11648K, reserved 1048576K
}
Event: 232,009 GC heap before
{Heap before GC invocations=20 (full 3):
 PSYoungGen      total 652288K, used 635490K [0x000000076dd80000, 0x0000000799800000, 0x00000007c0000000)
  eden space 603136K, 100% used [0x000000076dd80000,0x0000000792a80000,0x0000000792a80000)
  from space 49152K, 65% used [0x0000000795c00000,0x0000000797b988c8,0x0000000798c00000)
  to   space 50688K, 0% used [0x0000000792a80000,0x0000000792a80000,0x0000000795c00000)
 ParOldGen       total 247808K, used 98631K [0x00000006c9800000, 0x00000006d8a00000, 0x000000076dd80000)
  object space 247808K, 39% used [0x00000006c9800000,0x00000006cf851e70,0x00000006d8a00000)
 Metaspace       used 92019K, capacity 96078K, committed 96384K, reserved 1132544K
  class space    used 11686K, capacity 12343K, committed 12416K, reserved 1048576K
Event: 232,024 GC heap after
Heap after GC invocations=20 (full 3):
 PSYoungGen      total 653824K, used 41503K [0x000000076dd80000, 0x000000079e300000, 0x00000007c0000000)
  eden space 603136K, 0% used [0x000000076dd80000,0x000000076dd80000,0x0000000792a80000)
  from space 50688K, 81% used [0x0000000792a80000,0x0000000795307fc8,0x0000000795c00000)
  to   space 54784K, 0% used [0x000000079ad80000,0x000000079ad80000,0x000000079e300000)
 ParOldGen       total 247808K, used 98639K [0x00000006c9800000, 0x00000006d8a00000, 0x000000076dd80000)
  object space 247808K, 39% used [0x00000006c9800000,0x00000006cf853e70,0x00000006d8a00000)
 Metaspace       used 92019K, capacity 96078K, committed 96384K, reserved 1132544K
  class space    used 11686K, capacity 12343K, committed 12416K, reserved 1048576K
}
Event: 232,307 GC heap before
{Heap before GC invocations=21 (full 3):
 PSYoungGen      total 653824K, used 136863K [0x000000076dd80000, 0x000000079e300000, 0x00000007c0000000)
  eden space 603136K, 15% used [0x000000076dd80000,0x0000000773a9ff60,0x0000000792a80000)
  from space 50688K, 81% used [0x0000000792a80000,0x0000000795307fc8,0x0000000795c00000)
  to   space 54784K, 0% used [0x000000079ad80000,0x000000079ad80000,0x000000079e300000)
 ParOldGen       total 247808K, used 98639K [0x00000006c9800000, 0x00000006d8a00000, 0x000000076dd80000)
  object space 247808K, 39% used [0x00000006c9800000,0x00000006cf853e70,0x00000006d8a00000)
 Metaspace       used 94193K, capacity 98300K, committed 98348K, reserved 1134592K
  class space    used 11972K, capacity 12658K, committed 12672K, reserved 1048576K
Event: 232,320 GC heap after
Heap after GC invocations=21 (full 3):
 PSYoungGen      total 734208K, used 40178K [0x000000076dd80000, 0x00000007a0080000, 0x00000007c0000000)
  eden space 679424K, 0% used [0x000000076dd80000,0x000000076dd80000,0x0000000797500000)
  from space 54784K, 73% used [0x000000079ad80000,0x000000079d4bca30,0x000000079e300000)
  to   space 57856K, 0% used [0x0000000797500000,0x0000000797500000,0x000000079ad80000)
 ParOldGen       total 247808K, used 98647K [0x00000006c9800000, 0x00000006d8a00000, 0x000000076dd80000)
  object space 247808K, 39% used [0x00000006c9800000,0x00000006cf855e70,0x00000006d8a00000)
 Metaspace       used 94193K, capacity 98300K, committed 98348K, reserved 1134592K
  class space    used 11972K, capacity 12658K, committed 12672K, reserved 1048576K
}
Event: 232,320 GC heap before
{Heap before GC invocations=22 (full 4):
 PSYoungGen      total 734208K, used 40178K [0x000000076dd80000, 0x00000007a0080000, 0x00000007c0000000)
  eden space 679424K, 0% used [0x000000076dd80000,0x000000076dd80000,0x0000000797500000)
  from space 54784K, 73% used [0x000000079ad80000,0x000000079d4bca30,0x000000079e300000)
  to   space 57856K, 0% used [0x0000000797500000,0x0000000797500000,0x000000079ad80000)
 ParOldGen       total 247808K, used 98647K [0x00000006c9800000, 0x00000006d8a00000, 0x000000076dd80000)
  object space 247808K, 39% used [0x00000006c9800000,0x00000006cf855e70,0x00000006d8a00000)
 Metaspace       used 94193K, capacity 98300K, committed 98348K, reserved 1134592K
  class space    used 11972K, capacity 12658K, committed 12672K, reserved 1048576K
Event: 232,505 GC heap after
Heap after GC invocations=22 (full 4):
 PSYoungGen      total 734208K, used 0K [0x000000076dd80000, 0x00000007a0080000, 0x00000007c0000000)
  eden space 679424K, 0% used [0x000000076dd80000,0x000000076dd80000,0x0000000797500000)
  from space 54784K, 0% used [0x000000079ad80000,0x000000079ad80000,0x000000079e300000)
  to   space 57856K, 0% used [0x0000000797500000,0x0000000797500000,0x000000079ad80000)
 ParOldGen       total 389632K, used 119553K [0x00000006c9800000, 0x00000006e1480000, 0x000000076dd80000)
  object space 389632K, 30% used [0x00000006c9800000,0x00000006d0cc0788,0x00000006e1480000)
 Metaspace       used 94193K, capacity 98300K, committed 98348K, reserved 1134592K
  class space    used 11972K, capacity 12658K, committed 12672K, reserved 1048576K
}

